<?xml version="1.0" encoding="UTF-8"?>
<!-- Generated by org.testng.reporters.JUnitReportReporter -->
<testsuite hostname="Konka-Dell" failures="0" tests="1" name="sample_Demo" time="0.014" errors="0" timestamp="2023-12-11T21:21:08 CST" skipped="0">
  <testcase classname="sample_Demo" name="sampleMethod" time="0.014"/>
  <system-out/>
</testsuite> <!-- sample_Demo -->
