<?xml version="1.0" encoding="UTF-8"?>
<!-- Generated by org.testng.reporters.JUnitReportReporter -->
<testsuite hostname="Konka-Dell" failures="0" tests="1" name="Selenium_Jenkins.sample_Demo" time="9.618" errors="0" timestamp="2023-12-12T21:44:25 CST" skipped="0">
  <testcase classname="Selenium_Jenkins.sample_Demo" name="sampleMethod" time="9.618"/>
</testsuite> <!-- Selenium_Jenkins.sample_Demo -->
